Determining if the log exist failed with the following output:
Change Dir: /mnt/c/Users/koog/OneDrive/Documents/2021Sp/Open Source Software/oss-repo-template/labs/lab-05/Step5_build/CMakeFiles/CMakeTmp

Run Build Command:"/usr/bin/make" "cmTC_657ac/fast"
/usr/bin/make -f CMakeFiles/cmTC_657ac.dir/build.make CMakeFiles/cmTC_657ac.dir/build
make[1]: Entering directory '/mnt/c/Users/koog/OneDrive/Documents/2021Sp/Open Source Software/oss-repo-template/labs/lab-05/Step5_build/CMakeFiles/CMakeTmp'
Building C object CMakeFiles/cmTC_657ac.dir/CheckSymbolExists.c.o
/usr/bin/cc    -o CMakeFiles/cmTC_657ac.dir/CheckSymbolExists.c.o   -c "/mnt/c/Users/koog/OneDrive/Documents/2021Sp/Open Source Software/oss-repo-template/labs/lab-05/Step5_build/CMakeFiles/CMakeTmp/CheckSymbolExists.c"
Linking C executable cmTC_657ac
/usr/bin/cmake -E cmake_link_script CMakeFiles/cmTC_657ac.dir/link.txt --verbose=1
/usr/bin/cc      CMakeFiles/cmTC_657ac.dir/CheckSymbolExists.c.o  -o cmTC_657ac 
CMakeFiles/cmTC_657ac.dir/CheckSymbolExists.c.o: In function `main':
CheckSymbolExists.c:(.text+0x1b): undefined reference to `log'
collect2: error: ld returned 1 exit status
CMakeFiles/cmTC_657ac.dir/build.make:97: recipe for target 'cmTC_657ac' failed
make[1]: *** [cmTC_657ac] Error 1
make[1]: Leaving directory '/mnt/c/Users/koog/OneDrive/Documents/2021Sp/Open Source Software/oss-repo-template/labs/lab-05/Step5_build/CMakeFiles/CMakeTmp'
Makefile:126: recipe for target 'cmTC_657ac/fast' failed
make: *** [cmTC_657ac/fast] Error 2

File /mnt/c/Users/koog/OneDrive/Documents/2021Sp/Open Source Software/oss-repo-template/labs/lab-05/Step5_build/CMakeFiles/CMakeTmp/CheckSymbolExists.c:
/* */
#include <math.h>

int main(int argc, char** argv)
{
  (void)argv;
#ifndef log
  return ((int*)(&log))[argc];
#else
  (void)argc;
  return 0;
#endif
}

Determining if the exp exist failed with the following output:
Change Dir: /mnt/c/Users/koog/OneDrive/Documents/2021Sp/Open Source Software/oss-repo-template/labs/lab-05/Step5_build/CMakeFiles/CMakeTmp

Run Build Command:"/usr/bin/make" "cmTC_72944/fast"
/usr/bin/make -f CMakeFiles/cmTC_72944.dir/build.make CMakeFiles/cmTC_72944.dir/build
make[1]: Entering directory '/mnt/c/Users/koog/OneDrive/Documents/2021Sp/Open Source Software/oss-repo-template/labs/lab-05/Step5_build/CMakeFiles/CMakeTmp'
Building C object CMakeFiles/cmTC_72944.dir/CheckSymbolExists.c.o
/usr/bin/cc    -o CMakeFiles/cmTC_72944.dir/CheckSymbolExists.c.o   -c "/mnt/c/Users/koog/OneDrive/Documents/2021Sp/Open Source Software/oss-repo-template/labs/lab-05/Step5_build/CMakeFiles/CMakeTmp/CheckSymbolExists.c"
Linking C executable cmTC_72944
/usr/bin/cmake -E cmake_link_script CMakeFiles/cmTC_72944.dir/link.txt --verbose=1
/usr/bin/cc      CMakeFiles/cmTC_72944.dir/CheckSymbolExists.c.o  -o cmTC_72944 
CMakeFiles/cmTC_72944.dir/CheckSymbolExists.c.o: In function `main':
CheckSymbolExists.c:(.text+0x1b): undefined reference to `exp'
collect2: error: ld returned 1 exit status
CMakeFiles/cmTC_72944.dir/build.make:97: recipe for target 'cmTC_72944' failed
make[1]: *** [cmTC_72944] Error 1
make[1]: Leaving directory '/mnt/c/Users/koog/OneDrive/Documents/2021Sp/Open Source Software/oss-repo-template/labs/lab-05/Step5_build/CMakeFiles/CMakeTmp'
Makefile:126: recipe for target 'cmTC_72944/fast' failed
make: *** [cmTC_72944/fast] Error 2

File /mnt/c/Users/koog/OneDrive/Documents/2021Sp/Open Source Software/oss-repo-template/labs/lab-05/Step5_build/CMakeFiles/CMakeTmp/CheckSymbolExists.c:
/* */
#include <math.h>

int main(int argc, char** argv)
{
  (void)argv;
#ifndef exp
  return ((int*)(&exp))[argc];
#else
  (void)argc;
  return 0;
#endif
}

